{"level":"info","message":"parameters 7 and 2 received for addition","service":"calculator-service"}
{"level":"info","message":"Parameters 7 and 2 received for division","service":"calculator-service"}
{"level":"error","message":"Denominator cannot be zero","service":"calculator-service"}
{"level":"error","message":"n2 is incorrectly defined","service":"calculator-service"}
{"level":"error","message":"n2 is incorrectly defined","service":"calculator-service"}
{"level":"info","message":"parameters 7 and 6 received for addition","service":"calculator-service"}
{"level":"error","message":"n2 is incorrectly defined","service":"calculator-service"}
{"level":"error","message":"n2 is incorrectly defined","service":"calculator-service"}
{"level":"error","message":"n2 is incorrectly defined","service":"calculator-service"}
{"level":"error","message":"n2 is incorrectly defined","service":"calculator-service"}
{"level":"info","message":"Parameters 7 and 1 received for division","service":"calculator-service"}
{"level":"info","message":"Parameters 7 and 2 received for division","service":"calculator-service"}
{"level":"info","message":"Parameters 7 and 2 received for multiplication","service":"calculator-service"}
{"level":"info","message":"parameters 7 and 2 received for addition","service":"calculator-service"}
{"level":"info","message":"Parameters 7 and 2 received for subtraction","service":"calculator-service"}
{"level":"error","message":"n2 is incorrectly defined","service":"calculator-service"}
{"level":"info","message":"Parameters 7 and 0 received for subtraction","service":"calculator-service"}
{"level":"error","message":"Denominator cannot be zero","service":"calculator-service"}
{"level":"info","message":"Parameters 7 and 4 received for division","service":"calculator-service"}
{"level":"info","message":"parameters 7 and 2 received for addition","service":"calculator-service"}
{"level":"info","message":"Parameters 7 and 8 received for multiplication","service":"calculator-service"}
{"level":"error","message":"n1 is incorrectly defined","service":"calculator-service"}
{"level":"error","message":"n1 is incorrectly defined","service":"calculator-service"}
{"level":"error","message":"n1 is incorrectly defined","service":"calculator-service"}
{"level":"error","message":"n1 is incorrectly defined","service":"calculator-service"}
{"level":"error","message":"n1 is incorrectly defined","service":"calculator-service"}
{"level":"error","message":"n1 is incorrectly defined","service":"calculator-service"}
{"level":"error","message":"n1 is incorrectly defined","service":"calculator-service"}
{"level":"error","message":"n1 is incorrectly defined","service":"calculator-service"}
{"level":"error","message":"n1 is incorrectly defined","service":"calculator-service"}
{"level":"error","message":"n1 is incorrectly defined","service":"calculator-service"}
{"level":"error","message":"n1 is incorrectly defined","service":"calculator-service"}
{"level":"error","message":"n1 is incorrectly defined","service":"calculator-service"}
{"level":"error","message":"n1 is incorrectly defined","service":"calculator-service"}
{"level":"error","message":"n1 is incorrectly defined","service":"calculator-service"}
{"level":"error","message":"n1 is incorrectly defined","service":"calculator-service"}
{"level":"error","message":"n1 is incorrectly defined","service":"calculator-service"}
{"level":"error","message":"n1 is incorrectly defined","service":"calculator-service"}
{"level":"error","message":"n1 is incorrectly defined","service":"calculator-service"}
{"level":"error","message":"n1 is incorrectly defined","service":"calculator-service"}
{"level":"error","message":"n1 is incorrectly defined","service":"calculator-service"}
{"level":"info","message":"parameters 7 and 2 received for addition","service":"calculator-service"}
{"level":"error","message":"n1 is incorrectly defined","service":"calculator-service"}
{"level":"error","message":"n1 is incorrectly defined","service":"calculator-service"}
{"level":"error","message":"n1 is incorrectly defined","service":"calculator-service"}
{"level":"error","message":"n1 is incorrectly defined","service":"calculator-service"}
{"level":"error","message":"n1 is incorrectly defined","service":"calculator-service"}
{"level":"error","message":"n1 is incorrectly defined","service":"calculator-service"}
{"level":"error","message":"n1 is incorrectly defined","service":"calculator-service"}
{"level":"error","message":"n1 is incorrectly defined","service":"calculator-service"}
{"level":"info","message":"parameters 7 and 2 received for addition","service":"calculator-service"}
{"level":"info","message":"Parameters 7 and 2 received for subtraction","service":"calculator-service"}
{"level":"info","message":"parameters 7 and 2 received for addition","service":"calculator-service"}
{"level":"info","message":"parameters 7 and 100 received for addition","service":"calculator-service"}
{"level":"error","message":"n1 is incorrectly defined","service":"calculator-service"}
{"level":"info","message":"parameters 7 and 100 received for addition","service":"calculator-service"}
{"level":"info","message":"parameters 7 and 100 received for addition","service":"calculator-service"}
{"level":"info","message":"parameters 7 and 100 received for addition","service":"calculator-service"}
{"level":"info","message":"Parameters 7 and 300 received for subtraction","service":"calculator-service"}
